<?xml version="1.0" encoding="UTF-8"?>
<testsuite name="com.company.FileInputTest" tests="2" skipped="0" failures="0" errors="0" timestamp="2022-02-10T14:28:41" hostname="DESKTOP-DD6TE2T" time="0.005">
  <properties/>
  <testcase name="Should validate the path to and read the file containing customer information" classname="com.company.FileInputTest" time="0.003"/>
  <testcase name="Should not proceed with invalid path" classname="com.company.FileInputTest" time="0.002"/>
  <system-out><![CDATA[]]></system-out>
  <system-err><![CDATA[]]></system-err>
</testsuite>
